# JRE version: Java(TM) SE Runtime Environment (8.0_151-b12) (build 1.8.0_151-b12)
# Java VM: Java HotSpot(TM) 64-Bit Server VM (25.151-b12 mixed mode windows-amd64 compressed oops)
Heap:
 PSYoungGen      total 249344K, used 147098K [0x00000000d5d80000, 0x00000000eb000000, 0x0000000100000000)
  eden space 226304K, 54% used [0x00000000d5d80000,0x00000000dd6a7098,0x00000000e3a80000)
  from space 23040K, 99% used [0x00000000e3a80000,0x00000000e50ffa70,0x00000000e5100000)
  to   space 29696K, 0% used [0x00000000e9300000,0x00000000e9300000,0x00000000eb000000)
 ParOldGen       total 102912K, used 43206K [0x0000000081800000, 0x0000000087c80000, 0x00000000d5d80000)
  object space 102912K, 41% used [0x0000000081800000,0x0000000084231928,0x0000000087c80000)
 Metaspace       used 58307K, capacity 58944K, committed 59136K, reserved 1101824K
  class space    used 6937K, capacity 7073K, committed 7168K, reserved 1048576K
GC Heap History (10 events):
Event: 7.788 GC heap before
{Heap before GC invocations=11 (full 1):
 PSYoungGen      total 155136K, used 115524K [0x00000000d5d80000, 0x00000000e2a00000, 0x0000000100000000)
  eden space 143872K, 72% used [0x00000000d5d80000,0x00000000dc351ce8,0x00000000dea00000)
  from space 11264K, 99% used [0x00000000dea00000,0x00000000df4ff548,0x00000000df500000)
  to   space 13312K, 0% used [0x00000000e1d00000,0x00000000e1d00000,0x00000000e2a00000)
 ParOldGen       total 67072K, used 13874K [0x0000000081800000, 0x0000000085980000, 0x00000000d5d80000)
  object space 67072K, 20% used [0x0000000081800000,0x000000008258ca88,0x0000000085980000)
 Metaspace       used 34975K, capacity 35362K, committed 35496K, reserved 1081344K
  class space    used 4254K, capacity 4348K, committed 4352K, reserved 1048576K
Event: 7.814 GC heap after
Heap after GC invocations=11 (full 1):
 PSYoungGen      total 194048K, used 13297K [0x00000000d5d80000, 0x00000000e3000000, 0x0000000100000000)
  eden space 180736K, 0% used [0x00000000d5d80000,0x00000000d5d80000,0x00000000e0e00000)
  from space 13312K, 99% used [0x00000000e1d00000,0x00000000e29fc690,0x00000000e2a00000)
  to   space 15360K, 0% used [0x00000000e0e00000,0x00000000e0e00000,0x00000000e1d00000)
 ParOldGen       total 67072K, used 15483K [0x0000000081800000, 0x0000000085980000, 0x00000000d5d80000)
  object space 67072K, 23% used [0x0000000081800000,0x000000008271ee88,0x0000000085980000)
 Metaspace       used 34975K, capacity 35362K, committed 35496K, reserved 1081344K
  class space    used 4254K, capacity 4348K, committed 4352K, reserved 1048576K
}
Event: 7.814 GC heap before
{Heap before GC invocations=12 (full 2):
 PSYoungGen      total 194048K, used 13297K [0x00000000d5d80000, 0x00000000e3000000, 0x0000000100000000)
  eden space 180736K, 0% used [0x00000000d5d80000,0x00000000d5d80000,0x00000000e0e00000)
  from space 13312K, 99% used [0x00000000e1d00000,0x00000000e29fc690,0x00000000e2a00000)
  to   space 15360K, 0% used [0x00000000e0e00000,0x00000000e0e00000,0x00000000e1d00000)
 ParOldGen       total 67072K, used 15483K [0x0000000081800000, 0x0000000085980000, 0x00000000d5d80000)
  object space 67072K, 23% used [0x0000000081800000,0x000000008271ee88,0x0000000085980000)
 Metaspace       used 34975K, capacity 35362K, committed 35496K, reserved 1081344K
  class space    used 4254K, capacity 4348K, committed 4352K, reserved 1048576K
Event: 7.920 GC heap after
Heap after GC invocations=12 (full 2):
 PSYoungGen      total 194048K, used 0K [0x00000000d5d80000, 0x00000000e3000000, 0x0000000100000000)
  eden space 180736K, 0% used [0x00000000d5d80000,0x00000000d5d80000,0x00000000e0e00000)
  from space 13312K, 0% used [0x00000000e1d00000,0x00000000e1d00000,0x00000000e2a00000)
  to   space 15360K, 0% used [0x00000000e0e00000,0x00000000e0e00000,0x00000000e1d00000)
 ParOldGen       total 102912K, used 24124K [0x0000000081800000, 0x0000000087c80000, 0x00000000d5d80000)
  object space 102912K, 23% used [0x0000000081800000,0x0000000082f8f2a8,0x0000000087c80000)
 Metaspace       used 34975K, capacity 35362K, committed 35496K, reserved 1081344K
  class space    used 4254K, capacity 4348K, committed 4352K, reserved 1048576K
}
Event: 10.792 GC heap before
{Heap before GC invocations=13 (full 2):
 PSYoungGen      total 194048K, used 180736K [0x00000000d5d80000, 0x00000000e3000000, 0x0000000100000000)
  eden space 180736K, 100% used [0x00000000d5d80000,0x00000000e0e00000,0x00000000e0e00000)
  from space 13312K, 0% used [0x00000000e1d00000,0x00000000e1d00000,0x00000000e2a00000)
  to   space 15360K, 0% used [0x00000000e0e00000,0x00000000e0e00000,0x00000000e1d00000)
 ParOldGen       total 102912K, used 24124K [0x0000000081800000, 0x0000000087c80000, 0x00000000d5d80000)
  object space 102912K, 23% used [0x0000000081800000,0x0000000082f8f2a8,0x0000000087c80000)
 Metaspace       used 46485K, capacity 46974K, committed 47360K, reserved 1091584K
  class space    used 5681K, capacity 5782K, committed 5888K, reserved 1048576K
Event: 10.821 GC heap after
Heap after GC invocations=13 (full 2):
 PSYoungGen      total 196096K, used 15338K [0x00000000d5d80000, 0x00000000e6300000, 0x0000000100000000)
  eden space 180736K, 0% used [0x00000000d5d80000,0x00000000d5d80000,0x00000000e0e00000)
  from space 15360K, 99% used [0x00000000e0e00000,0x00000000e1cfa848,0x00000000e1d00000)
  to   space 18432K, 0% used [0x00000000e5100000,0x00000000e5100000,0x00000000e6300000)
 ParOldGen       total 102912K, used 28265K [0x0000000081800000, 0x0000000087c80000, 0x00000000d5d80000)
  object space 102912K, 27% used [0x0000000081800000,0x000000008339a748,0x0000000087c80000)
 Metaspace       used 46485K, capacity 46974K, committed 47360K, reserved 1091584K
  class space    used 5681K, capacity 5782K, committed 5888K, reserved 1048576K
}
Event: 12.623 GC heap before
{Heap before GC invocations=14 (full 2):
 PSYoungGen      total 196096K, used 196074K [0x00000000d5d80000, 0x00000000e6300000, 0x0000000100000000)
  eden space 180736K, 100% used [0x00000000d5d80000,0x00000000e0e00000,0x00000000e0e00000)
  from space 15360K, 99% used [0x00000000e0e00000,0x00000000e1cfa848,0x00000000e1d00000)
  to   space 18432K, 0% used [0x00000000e5100000,0x00000000e5100000,0x00000000e6300000)
 ParOldGen       total 102912K, used 28265K [0x0000000081800000, 0x0000000087c80000, 0x00000000d5d80000)
  object space 102912K, 27% used [0x0000000081800000,0x000000008339a748,0x0000000087c80000)
 Metaspace       used 49259K, capacity 49744K, committed 49920K, reserved 1093632K
  class space    used 6004K, capacity 6105K, committed 6144K, reserved 1048576K
Event: 12.646 GC heap after
Heap after GC invocations=14 (full 2):
 PSYoungGen      total 244736K, used 18414K [0x00000000d5d80000, 0x00000000e6a00000, 0x0000000100000000)
  eden space 226304K, 0% used [0x00000000d5d80000,0x00000000d5d80000,0x00000000e3a80000)
  from space 18432K, 99% used [0x00000000e5100000,0x00000000e62fbb90,0x00000000e6300000)
  to   space 23040K, 0% used [0x00000000e3a80000,0x00000000e3a80000,0x00000000e5100000)
 ParOldGen       total 102912K, used 33147K [0x0000000081800000, 0x0000000087c80000, 0x00000000d5d80000)
  object space 102912K, 32% used [0x0000000081800000,0x000000008385eda0,0x0000000087c80000)
 Metaspace       used 49259K, capacity 49744K, committed 49920K, reserved 1093632K
  class space    used 6004K, capacity 6105K, committed 6144K, reserved 1048576K
}
Event: 14.755 GC heap before
{Heap before GC invocations=15 (full 2):
 PSYoungGen      total 244736K, used 244718K [0x00000000d5d80000, 0x00000000e6a00000, 0x0000000100000000)
  eden space 226304K, 100% used [0x00000000d5d80000,0x00000000e3a80000,0x00000000e3a80000)
  from space 18432K, 99% used [0x00000000e5100000,0x00000000e62fbb90,0x00000000e6300000)
  to   space 23040K, 0% used [0x00000000e3a80000,0x00000000e3a80000,0x00000000e5100000)
 ParOldGen       total 102912K, used 33147K [0x0000000081800000, 0x0000000087c80000, 0x00000000d5d80000)
  object space 102912K, 32% used [0x0000000081800000,0x000000008385eda0,0x0000000087c80000)
 Metaspace       used 56826K, capacity 57500K, committed 57728K, reserved 1099776K
  class space    used 6862K, capacity 7003K, committed 7040K, reserved 1048576K
Event: 14.790 GC heap after
Heap after GC invocations=15 (full 2):
 PSYoungGen      total 249344K, used 23038K [0x00000000d5d80000, 0x00000000eb000000, 0x0000000100000000)
  eden space 226304K, 0% used [0x00000000d5d80000,0x00000000d5d80000,0x00000000e3a80000)
  from space 23040K, 99% used [0x00000000e3a80000,0x00000000e50ffa70,0x00000000e5100000)
  to   space 29696K, 0% used [0x00000000e9300000,0x00000000e9300000,0x00000000eb000000)
 ParOldGen       total 102912K, used 43206K [0x0000000081800000, 0x0000000087c80000, 0x00000000d5d80000)
  object space 102912K, 41% used [0x0000000081800000,0x0000000084231928,0x0000000087c80000)
 Metaspace       used 56826K, capacity 57500K, committed 57728K, reserved 1099776K
  class space    used 6862K, capacity 7003K, committed 7040K, reserved 1048576K
}

